<?xml version="1.0" encoding="UTF-8"?>
<!-- Generated by org.testng.reporters.JUnitReportReporter -->
<testsuite skipped="0" hostname="410_10" name="Grid.Grid" tests="3" failures="0" timestamp="26 אפר 2017 18:06:02 GMT" time="65.437" errors="0">
  <testcase name="f" time="29.735" classname="Grid.Grid"/>
  <testcase name="f" time="11.418" classname="Grid.Grid"/>
  <testcase name="f" time="24.284" classname="Grid.Grid"/>
</testsuite> <!-- Grid.Grid -->
