<?xml version="1.0" encoding="UTF-8"?>
<!-- Generated by org.testng.reporters.JUnitReportReporter -->
<testsuite skipped="0" hostname="410_10" name="tNG.NewTest" tests="2" failures="0" timestamp="05 אפר 2017 18:00:46 GMT" time="17.021" errors="0">
  <testcase name="f" time="8.713" classname="tNG.NewTest"/>
  <testcase name="f" time="8.308" classname="tNG.NewTest"/>
</testsuite> <!-- tNG.NewTest -->
